<?xml version="1.0" encoding="UTF-8"?>
<testng-results ignored="0" total="2" passed="2" failed="0" skipped="0">
  <reporter-output>
  </reporter-output>
  <suite started-at="2022-12-03T21:22:45 WAT" name="MonosnapWebTest" finished-at="2022-12-03T21:23:14 WAT" duration-ms="28956">
    <groups>
    </groups>
    <test started-at="2022-12-03T21:22:45 WAT" name="Command line test" finished-at="2022-12-03T21:23:14 WAT" duration-ms="28956">
      <class name="MonosnapWebTest">
        <test-method is-config="true" signature="setUp()[pri:0, instance:MonosnapWebTest@68f4865]" started-at="2022-12-03T21:22:45 WAT" name="setUp" finished-at="2022-12-03T21:22:59 WAT" duration-ms="14902" status="PASS">
          <reporter-output>
          </reporter-output>
        </test-method> <!-- setUp -->
        <test-method signature="getPageTitle()[pri:0, instance:MonosnapWebTest@68f4865]" started-at="2022-12-03T21:23:00 WAT" name="getPageTitle" finished-at="2022-12-03T21:23:04 WAT" duration-ms="4682" status="PASS">
          <reporter-output>
          </reporter-output>
        </test-method> <!-- getPageTitle -->
        <test-method signature="login()[pri:1, instance:MonosnapWebTest@68f4865]" started-at="2022-12-03T21:23:05 WAT" name="login" finished-at="2022-12-03T21:23:13 WAT" duration-ms="8455" status="PASS">
          <reporter-output>
          </reporter-output>
        </test-method> <!-- login -->
        <test-method is-config="true" signature="closeBrowser()[pri:0, instance:MonosnapWebTest@68f4865]" started-at="2022-12-03T21:23:13 WAT" name="closeBrowser" finished-at="2022-12-03T21:23:14 WAT" duration-ms="432" status="PASS">
          <reporter-output>
          </reporter-output>
        </test-method> <!-- closeBrowser -->
      </class> <!-- MonosnapWebTest -->
    </test> <!-- Command line test -->
  </suite> <!-- MonosnapWebTest -->
</testng-results>
